# JRE version: Java(TM) SE Runtime Environment (17.0.8+9) (build 17.0.8+9-LTS-211)
# Java VM: Java HotSpot(TM) 64-Bit Server VM (17.0.8+9-LTS-211, mixed mode, emulated-client, sharing, tiered, compressed oops, compressed class ptrs, g1 gc, windows-amd64)
GC Precious Log:
 CPUs: 8 total, 8 available
 Memory: 7926M
 Large Page Support: Disabled
 NUMA Support: Disabled
 Compressed Oops: Enabled (32-bit)
 Heap Region Size: 1M
 Heap Min Capacity: 8M
 Heap Initial Capacity: 124M
 Heap Max Capacity: 1982M
 Pre-touch: Disabled
 Parallel Workers: 8
 Concurrent Workers: 2
 Concurrent Refinement Workers: 8
 Periodic GC: Disabled
Heap:
 garbage-first heap   total 82944K, used 39254K [0x0000000084200000, 0x0000000100000000)
  region size 1024K, 3 young (3072K), 2 survivors (2048K)
 Metaspace       used 77022K, committed 77632K, reserved 1179648K
  class space    used 11353K, committed 11648K, reserved 1048576K
GC Heap History (20 events):
Event: 15.611 GC heap before
{Heap before GC invocations=20 (full 0):
 garbage-first heap   total 55296K, used 44719K [0x0000000084200000, 0x0000000100000000)
  region size 1024K, 19 young (19456K), 3 survivors (3072K)
 Metaspace       used 61383K, committed 62016K, reserved 1114112K
  class space    used 8908K, committed 9216K, reserved 1048576K
}
Event: 15.616 GC heap after
{Heap after GC invocations=21 (full 0):
 garbage-first heap   total 55296K, used 29383K [0x0000000084200000, 0x0000000100000000)
  region size 1024K, 3 young (3072K), 3 survivors (3072K)
 Metaspace       used 61383K, committed 62016K, reserved 1114112K
  class space    used 8908K, committed 9216K, reserved 1048576K
}
Event: 15.980 GC heap before
{Heap before GC invocations=22 (full 0):
 garbage-first heap   total 55296K, used 43719K [0x0000000084200000, 0x0000000100000000)
  region size 1024K, 18 young (18432K), 3 survivors (3072K)
 Metaspace       used 63088K, committed 63680K, reserved 1114112K
  class space    used 9232K, committed 9536K, reserved 1048576K
}
Event: 15.983 GC heap after
{Heap after GC invocations=23 (full 0):
 garbage-first heap   total 55296K, used 30546K [0x0000000084200000, 0x0000000100000000)
  region size 1024K, 3 young (3072K), 3 survivors (3072K)
 Metaspace       used 63088K, committed 63680K, reserved 1114112K
  class space    used 9232K, committed 9536K, reserved 1048576K
}
Event: 16.264 GC heap before
{Heap before GC invocations=23 (full 0):
 garbage-first heap   total 55296K, used 42834K [0x0000000084200000, 0x0000000100000000)
  region size 1024K, 16 young (16384K), 3 survivors (3072K)
 Metaspace       used 64995K, committed 65600K, reserved 1114112K
  class space    used 9648K, committed 9920K, reserved 1048576K
}
Event: 16.268 GC heap after
{Heap after GC invocations=24 (full 0):
 garbage-first heap   total 55296K, used 32066K [0x0000000084200000, 0x0000000100000000)
  region size 1024K, 2 young (2048K), 2 survivors (2048K)
 Metaspace       used 64995K, committed 65600K, reserved 1114112K
  class space    used 9648K, committed 9920K, reserved 1048576K
}
Event: 16.455 GC heap before
{Heap before GC invocations=25 (full 0):
 garbage-first heap   total 68608K, used 43330K [0x0000000084200000, 0x0000000100000000)
  region size 1024K, 14 young (14336K), 2 survivors (2048K)
 Metaspace       used 66011K, committed 66688K, reserved 1114112K
  class space    used 9777K, committed 10112K, reserved 1048576K
}
Event: 16.457 GC heap after
{Heap after GC invocations=26 (full 0):
 garbage-first heap   total 68608K, used 32608K [0x0000000084200000, 0x0000000100000000)
  region size 1024K, 1 young (1024K), 1 survivors (1024K)
 Metaspace       used 66011K, committed 66688K, reserved 1114112K
  class space    used 9777K, committed 10112K, reserved 1048576K
}
Event: 17.249 GC heap before
{Heap before GC invocations=26 (full 0):
 garbage-first heap   total 68608K, used 55136K [0x0000000084200000, 0x0000000100000000)
  region size 1024K, 23 young (23552K), 1 survivors (1024K)
 Metaspace       used 67046K, committed 67648K, reserved 1114112K
  class space    used 9938K, committed 10240K, reserved 1048576K
}
Event: 17.252 GC heap after
{Heap after GC invocations=27 (full 0):
 garbage-first heap   total 68608K, used 33430K [0x0000000084200000, 0x0000000100000000)
  region size 1024K, 2 young (2048K), 2 survivors (2048K)
 Metaspace       used 67046K, committed 67648K, reserved 1114112K
  class space    used 9938K, committed 10240K, reserved 1048576K
}
Event: 17.600 GC heap before
{Heap before GC invocations=28 (full 0):
 garbage-first heap   total 68608K, used 54934K [0x0000000084200000, 0x0000000100000000)
  region size 1024K, 23 young (23552K), 2 survivors (2048K)
 Metaspace       used 67197K, committed 67776K, reserved 1114112K
  class space    used 9955K, committed 10240K, reserved 1048576K
}
Event: 17.603 GC heap after
{Heap after GC invocations=29 (full 0):
 garbage-first heap   total 68608K, used 33942K [0x0000000084200000, 0x0000000100000000)
  region size 1024K, 2 young (2048K), 2 survivors (2048K)
 Metaspace       used 67197K, committed 67776K, reserved 1114112K
  class space    used 9955K, committed 10240K, reserved 1048576K
}
Event: 18.229 GC heap before
{Heap before GC invocations=29 (full 0):
 garbage-first heap   total 68608K, used 56470K [0x0000000084200000, 0x0000000100000000)
  region size 1024K, 24 young (24576K), 2 survivors (2048K)
 Metaspace       used 68926K, committed 69504K, reserved 1114112K
  class space    used 10206K, committed 10496K, reserved 1048576K
}
Event: 18.233 GC heap after
{Heap after GC invocations=30 (full 0):
 garbage-first heap   total 82944K, used 35436K [0x0000000084200000, 0x0000000100000000)
  region size 1024K, 3 young (3072K), 3 survivors (3072K)
 Metaspace       used 68926K, committed 69504K, reserved 1114112K
  class space    used 10206K, committed 10496K, reserved 1048576K
}
Event: 19.137 GC heap before
{Heap before GC invocations=31 (full 0):
 garbage-first heap   total 82944K, used 67180K [0x0000000084200000, 0x0000000100000000)
  region size 1024K, 34 young (34816K), 3 survivors (3072K)
 Metaspace       used 70976K, committed 71680K, reserved 1114112K
  class space    used 10532K, committed 10880K, reserved 1048576K
}
Event: 19.143 GC heap after
{Heap after GC invocations=32 (full 0):
 garbage-first heap   total 82944K, used 37796K [0x0000000084200000, 0x0000000100000000)
  region size 1024K, 5 young (5120K), 5 survivors (5120K)
 Metaspace       used 70976K, committed 71680K, reserved 1114112K
  class space    used 10532K, committed 10880K, reserved 1048576K
}
Event: 31.095 GC heap before
{Heap before GC invocations=32 (full 0):
 garbage-first heap   total 82944K, used 64420K [0x0000000084200000, 0x0000000100000000)
  region size 1024K, 32 young (32768K), 5 survivors (5120K)
 Metaspace       used 75939K, committed 76608K, reserved 1114112K
  class space    used 11196K, committed 11520K, reserved 1048576K
}
Event: 31.105 GC heap after
{Heap after GC invocations=33 (full 0):
 garbage-first heap   total 82944K, used 39196K [0x0000000084200000, 0x0000000100000000)
  region size 1024K, 2 young (2048K), 2 survivors (2048K)
 Metaspace       used 75939K, committed 76608K, reserved 1114112K
  class space    used 11196K, committed 11520K, reserved 1048576K
}
Event: 164.612 GC heap before
{Heap before GC invocations=33 (full 0):
 garbage-first heap   total 82944K, used 66844K [0x0000000084200000, 0x0000000100000000)
  region size 1024K, 29 young (29696K), 2 survivors (2048K)
 Metaspace       used 76948K, committed 77632K, reserved 1179648K
  class space    used 11342K, committed 11648K, reserved 1048576K
}
Event: 164.641 GC heap after
{Heap after GC invocations=34 (full 0):
 garbage-first heap   total 82944K, used 39254K [0x0000000084200000, 0x0000000100000000)
  region size 1024K, 2 young (2048K), 2 survivors (2048K)
 Metaspace       used 76948K, committed 77632K, reserved 1179648K
  class space    used 11342K, committed 11648K, reserved 1048576K
}

